<?xml version="1.0" encoding="UTF-8"?>
<testsuite name="com.rusnac.clubrestapi.controller.impl.ExerciseTest" tests="4" skipped="0" failures="0" errors="0" timestamp="2021-06-20T11:56:44" hostname="DESKTOP-R449A7L" time="0.138">
  <properties/>
  <testcase name="testFindAll()" classname="com.rusnac.clubrestapi.controller.impl.ExerciseTest" time="0.071"/>
  <testcase name="testSave()" classname="com.rusnac.clubrestapi.controller.impl.ExerciseTest" time="0.009"/>
  <testcase name="testFindExName()" classname="com.rusnac.clubrestapi.controller.impl.ExerciseTest" time="0.027"/>
  <testcase name="testFindById()" classname="com.rusnac.clubrestapi.controller.impl.ExerciseTest" time="0.024"/>
  <system-out><![CDATA[13:56:35.907 [Test worker] DEBUG org.springframework.test.context.BootstrapUtils - Instantiating CacheAwareContextLoaderDelegate from class [org.springframework.test.context.cache.DefaultCacheAwareContextLoaderDelegate]
13:56:35.933 [Test worker] DEBUG org.springframework.test.context.BootstrapUtils - Instantiating BootstrapContext using constructor [public org.springframework.test.context.support.DefaultBootstrapContext(java.lang.Class,org.springframework.test.context.CacheAwareContextLoaderDelegate)]
13:56:36.005 [Test worker] DEBUG org.springframework.test.context.BootstrapUtils - Instantiating TestContextBootstrapper for test class [com.rusnac.clubrestapi.controller.impl.ExerciseTest] from class [org.springframework.boot.test.context.SpringBootTestContextBootstrapper]
13:56:36.034 [Test worker] INFO org.springframework.boot.test.context.SpringBootTestContextBootstrapper - Neither @ContextConfiguration nor @ContextHierarchy found for test class [com.rusnac.clubrestapi.controller.impl.ExerciseTest], using SpringBootContextLoader
13:56:36.044 [Test worker] DEBUG org.springframework.test.context.support.AbstractContextLoader - Did not detect default resource location for test class [com.rusnac.clubrestapi.controller.impl.ExerciseTest]: class path resource [com/rusnac/clubrestapi/controller/impl/ExerciseTest-context.xml] does not exist
13:56:36.046 [Test worker] DEBUG org.springframework.test.context.support.AbstractContextLoader - Did not detect default resource location for test class [com.rusnac.clubrestapi.controller.impl.ExerciseTest]: class path resource [com/rusnac/clubrestapi/controller/impl/ExerciseTestContext.groovy] does not exist
13:56:36.047 [Test worker] INFO org.springframework.test.context.support.AbstractContextLoader - Could not detect default resource locations for test class [com.rusnac.clubrestapi.controller.impl.ExerciseTest]: no resource found for suffixes {-context.xml, Context.groovy}.
13:56:36.049 [Test worker] INFO org.springframework.test.context.support.AnnotationConfigContextLoaderUtils - Could not detect default configuration classes for test class [com.rusnac.clubrestapi.controller.impl.ExerciseTest]: ExerciseTest does not declare any static, non-private, non-final, nested classes annotated with @Configuration.
13:56:36.164 [Test worker] DEBUG org.springframework.test.context.support.ActiveProfilesUtils - Could not find an 'annotation declaring class' for annotation type [org.springframework.test.context.ActiveProfiles] and class [com.rusnac.clubrestapi.controller.impl.ExerciseTest]
13:56:36.305 [Test worker] DEBUG org.springframework.context.annotation.ClassPathScanningCandidateComponentProvider - Identified candidate component class: file [D:\RENEGVDE\UNIVER\ITS3\Project\GIT\its3-individual-project-cristin-rusnac\Backend\club-rest-api\build\classes\java\main\com\rusnac\clubrestapi\ClubRestApiApplication.class]
13:56:36.308 [Test worker] INFO org.springframework.boot.test.context.SpringBootTestContextBootstrapper - Found @SpringBootConfiguration com.rusnac.clubrestapi.ClubRestApiApplication for test class com.rusnac.clubrestapi.controller.impl.ExerciseTest
13:56:36.511 [Test worker] DEBUG org.springframework.boot.test.context.SpringBootTestContextBootstrapper - @TestExecutionListeners is not present for class [com.rusnac.clubrestapi.controller.impl.ExerciseTest]: using defaults.
13:56:36.513 [Test worker] INFO org.springframework.boot.test.context.SpringBootTestContextBootstrapper - Loaded default TestExecutionListener class names from location [META-INF/spring.factories]: [org.springframework.boot.test.autoconfigure.restdocs.RestDocsTestExecutionListener, org.springframework.boot.test.autoconfigure.web.client.MockRestServiceServerResetTestExecutionListener, org.springframework.boot.test.autoconfigure.web.servlet.MockMvcPrintOnlyOnFailureTestExecutionListener, org.springframework.boot.test.autoconfigure.web.servlet.WebDriverTestExecutionListener, org.springframework.boot.test.autoconfigure.webservices.client.MockWebServiceServerTestExecutionListener, org.springframework.boot.test.mock.mockito.MockitoTestExecutionListener, org.springframework.boot.test.mock.mockito.ResetMocksTestExecutionListener, org.springframework.test.context.web.ServletTestExecutionListener, org.springframework.test.context.support.DirtiesContextBeforeModesTestExecutionListener, org.springframework.test.context.event.ApplicationEventsTestExecutionListener, org.springframework.test.context.support.DependencyInjectionTestExecutionListener, org.springframework.test.context.support.DirtiesContextTestExecutionListener, org.springframework.test.context.transaction.TransactionalTestExecutionListener, org.springframework.test.context.jdbc.SqlScriptsTestExecutionListener, org.springframework.test.context.event.EventPublishingTestExecutionListener]
13:56:36.570 [Test worker] INFO org.springframework.boot.test.context.SpringBootTestContextBootstrapper - Using TestExecutionListeners: [org.springframework.test.context.web.ServletTestExecutionListener@1a6ffa4b, org.springframework.test.context.support.DirtiesContextBeforeModesTestExecutionListener@3104b35f, org.springframework.test.context.event.ApplicationEventsTestExecutionListener@1ba11965, org.springframework.boot.test.mock.mockito.MockitoTestExecutionListener@3b85b3f7, org.springframework.boot.test.autoconfigure.SpringBootDependencyInjectionTestExecutionListener@5eddbb6e, org.springframework.test.context.support.DirtiesContextTestExecutionListener@4ad765a1, org.springframework.test.context.transaction.TransactionalTestExecutionListener@592e27af, org.springframework.test.context.jdbc.SqlScriptsTestExecutionListener@4fa23d76, org.springframework.test.context.event.EventPublishingTestExecutionListener@7c17e927, org.springframework.boot.test.autoconfigure.restdocs.RestDocsTestExecutionListener@d9c7169, org.springframework.boot.test.autoconfigure.web.client.MockRestServiceServerResetTestExecutionListener@25a73c2a, org.springframework.boot.test.autoconfigure.web.servlet.MockMvcPrintOnlyOnFailureTestExecutionListener@7b30fc65, org.springframework.boot.test.autoconfigure.web.servlet.WebDriverTestExecutionListener@38ad6cf5, org.springframework.boot.test.autoconfigure.webservices.client.MockWebServiceServerTestExecutionListener@565445b0, org.springframework.boot.test.mock.mockito.ResetMocksTestExecutionListener@4a0e753c]
13:56:36.581 [Test worker] DEBUG org.springframework.test.context.support.AbstractDirtiesContextTestExecutionListener - Before test class: context [DefaultTestContext@14065514 testClass = ExerciseTest, testInstance = [null], testMethod = [null], testException = [null], mergedContextConfiguration = [WebMergedContextConfiguration@20827eb1 testClass = ExerciseTest, locations = '{}', classes = '{class com.rusnac.clubrestapi.ClubRestApiApplication}', contextInitializerClasses = '[]', activeProfiles = '{}', propertySourceLocations = '{}', propertySourceProperties = '{org.springframework.boot.test.context.SpringBootTestContextBootstrapper=true}', contextCustomizers = set[org.springframework.boot.test.autoconfigure.actuate.metrics.MetricsExportContextCustomizerFactory$DisableMetricExportContextCustomizer@4e5b0fdf, org.springframework.boot.test.autoconfigure.properties.PropertyMappingContextCustomizer@0, org.springframework.boot.test.autoconfigure.web.servlet.WebDriverContextCustomizerFactory$Customizer@726a56f, org.springframework.boot.test.context.filter.ExcludeFilterContextCustomizer@25a1a657, org.springframework.boot.test.json.DuplicateJsonObjectContextCustomizerFactory$DuplicateJsonObjectContextCustomizer@5becd161, org.springframework.boot.test.mock.mockito.MockitoContextCustomizer@aaae511d, org.springframework.boot.test.web.client.TestRestTemplateContextCustomizer@e9d898b, org.springframework.boot.test.context.SpringBootTestArgs@1, org.springframework.boot.test.context.SpringBootTestWebEnvironment@2321d096], resourceBasePath = 'src/main/webapp', contextLoader = 'org.springframework.boot.test.context.SpringBootContextLoader', parent = [null]], attributes = map['org.springframework.test.context.web.ServletTestExecutionListener.activateListener' -> true]], class annotated with @DirtiesContext [false] with mode [null].
13:56:36.670 [Test worker] DEBUG org.springframework.test.context.support.TestPropertySourceUtils - Adding inlined properties to environment: {spring.jmx.enabled=false, org.springframework.boot.test.context.SpringBootTestContextBootstrapper=true}

  .   ____          _            __ _ _
 /\\ / ___'_ __ _ _(_)_ __  __ _ \ \ \ \
( ( )\___ | '_ | '_| | '_ \/ _` | \ \ \ \
 \\/  ___)| |_)| | | | | || (_| |  ) ) ) )
  '  |____| .__|_| |_|_| |_\__, | / / / /
 =========|_|==============|___/=/_/_/_/
 :: Spring Boot ::                (v2.4.5)

2021-06-20 13:56:37.149  WARN 12908 --- [    Test worker] ory$DuplicateJsonObjectContextCustomizer : 

Found multiple occurrences of org.json.JSONObject on the class path:

	jar:file:/C:/Users/DCgWs/.gradle/caches/modules-2/files-2.1/org.json/json/20141113/c590c04911645db2f53b9bbefd5c3fcd8ca5581d/json-20141113.jar!/org/json/JSONObject.class
	jar:file:/C:/Users/DCgWs/.gradle/caches/modules-2/files-2.1/com.vaadin.external.google/android-json/0.0.20131108.vaadin1/fa26d351fe62a6a17f5cda1287c1c6110dec413f/android-json-0.0.20131108.vaadin1.jar!/org/json/JSONObject.class

You may wish to exclude one of them to ensure predictable runtime behavior

2021-06-20 13:56:37.180  INFO 12908 --- [    Test worker] c.r.c.controller.impl.ExerciseTest       : Starting ExerciseTest using Java 15.0.2 on DESKTOP-R449A7L with PID 12908 (started by DCgWs in D:\RENEGVDE\UNIVER\ITS3\Project\GIT\its3-individual-project-cristin-rusnac\Backend\club-rest-api)
2021-06-20 13:56:37.187  INFO 12908 --- [    Test worker] c.r.c.controller.impl.ExerciseTest       : No active profile set, falling back to default profiles: default
2021-06-20 13:56:38.483  INFO 12908 --- [    Test worker] .s.d.r.c.RepositoryConfigurationDelegate : Bootstrapping Spring Data JPA repositories in DEFAULT mode.
2021-06-20 13:56:38.600  INFO 12908 --- [    Test worker] .s.d.r.c.RepositoryConfigurationDelegate : Finished Spring Data repository scanning in 106 ms. Found 4 JPA repository interfaces.
2021-06-20 13:56:39.758  INFO 12908 --- [    Test worker] trationDelegate$BeanPostProcessorChecker : Bean 'org.springframework.security.access.expression.method.DefaultMethodSecurityExpressionHandler@6da28d3d' of type [org.springframework.security.access.expression.method.DefaultMethodSecurityExpressionHandler] is not eligible for getting processed by all BeanPostProcessors (for example: not eligible for auto-proxying)
2021-06-20 13:56:39.774  INFO 12908 --- [    Test worker] trationDelegate$BeanPostProcessorChecker : Bean 'methodSecurityMetadataSource' of type [org.springframework.security.access.method.DelegatingMethodSecurityMetadataSource] is not eligible for getting processed by all BeanPostProcessors (for example: not eligible for auto-proxying)
2021-06-20 13:56:40.168  INFO 12908 --- [    Test worker] o.hibernate.jpa.internal.util.LogHelper  : HHH000204: Processing PersistenceUnitInfo [name: default]
2021-06-20 13:56:40.273  INFO 12908 --- [    Test worker] org.hibernate.Version                    : HHH000412: Hibernate ORM core version 5.4.30.Final
2021-06-20 13:56:40.344  INFO 12908 --- [    Test worker] o.hibernate.annotations.common.Version   : HCANN000001: Hibernate Commons Annotations {5.1.2.Final}
2021-06-20 13:56:40.563  INFO 12908 --- [    Test worker] org.hibernate.dialect.Dialect            : HHH000400: Using dialect: org.hibernate.dialect.PostgreSQLDialect
2021-06-20 13:56:41.326  INFO 12908 --- [    Test worker] com.zaxxer.hikari.HikariDataSource       : HikariPool-1 - Starting...
2021-06-20 13:56:41.462  INFO 12908 --- [    Test worker] com.zaxxer.hikari.HikariDataSource       : HikariPool-1 - Start completed.
2021-06-20 13:56:41.789  INFO 12908 --- [    Test worker] o.h.e.t.j.p.i.JtaPlatformInitiator       : HHH000490: Using JtaPlatform implementation: [org.hibernate.engine.transaction.jta.platform.internal.NoJtaPlatform]
2021-06-20 13:56:41.801  INFO 12908 --- [    Test worker] j.LocalContainerEntityManagerFactoryBean : Initialized JPA EntityManagerFactory for persistence unit 'default'
2021-06-20 13:56:42.637  WARN 12908 --- [    Test worker] JpaBaseConfiguration$JpaWebConfiguration : spring.jpa.open-in-view is enabled by default. Therefore, database queries may be performed during view rendering. Explicitly configure spring.jpa.open-in-view to disable this warning
2021-06-20 13:56:43.669  INFO 12908 --- [    Test worker] o.s.s.web.DefaultSecurityFilterChain     : Will secure any request with [org.springframework.security.web.context.request.async.WebAsyncManagerIntegrationFilter@54610498, org.springframework.security.web.context.SecurityContextPersistenceFilter@1880becf, org.springframework.security.web.header.HeaderWriterFilter@c7c80dc, org.springframework.web.filter.CorsFilter@54df6884, org.springframework.security.web.authentication.logout.LogoutFilter@ee38e92, com.rusnac.clubrestapi.config.JwtTokenFilter@391ac127, org.springframework.security.web.savedrequest.RequestCacheAwareFilter@638db986, org.springframework.security.web.servletapi.SecurityContextHolderAwareRequestFilter@3f639c64, org.springframework.security.web.authentication.AnonymousAuthenticationFilter@50c76da6, org.springframework.security.web.session.SessionManagementFilter@3aa030d8, org.springframework.security.web.access.ExceptionTranslationFilter@60f00874, org.springframework.security.web.access.intercept.FilterSecurityInterceptor@29dc71ed]
2021-06-20 13:56:43.987  INFO 12908 --- [    Test worker] o.s.s.concurrent.ThreadPoolTaskExecutor  : Initializing ExecutorService 'applicationTaskExecutor'
2021-06-20 13:56:44.450  INFO 12908 --- [    Test worker] c.r.c.controller.impl.ExerciseTest       : Started ExerciseTest in 7.766 seconds (JVM running for 9.944)
]]></system-out>
  <system-err><![CDATA[]]></system-err>
</testsuite>
