<?xml version="1.0" encoding="UTF-8"?>
<testsuite name="com.rusnac.clubrestapi.controller.impl.TrainingTest" tests="4" skipped="0" failures="0" errors="0" timestamp="2021-06-20T11:56:47" hostname="DESKTOP-R449A7L" time="0.035">
  <properties/>
  <testcase name="testFindAll()" classname="com.rusnac.clubrestapi.controller.impl.TrainingTest" time="0.008"/>
  <testcase name="testSave()" classname="com.rusnac.clubrestapi.controller.impl.TrainingTest" time="0.006"/>
  <testcase name="testFindById()" classname="com.rusnac.clubrestapi.controller.impl.TrainingTest" time="0.008"/>
  <testcase name="testDeleteById()" classname="com.rusnac.clubrestapi.controller.impl.TrainingTest" time="0.008"/>
  <system-out><![CDATA[2021-06-20 13:56:44.824  INFO 12908 --- [    Test worker] .b.t.c.SpringBootTestContextBootstrapper : Neither @ContextConfiguration nor @ContextHierarchy found for test class [com.rusnac.clubrestapi.controller.impl.TrainingTest], using SpringBootContextLoader
2021-06-20 13:56:44.826  INFO 12908 --- [    Test worker] o.s.t.c.support.AbstractContextLoader    : Could not detect default resource locations for test class [com.rusnac.clubrestapi.controller.impl.TrainingTest]: no resource found for suffixes {-context.xml, Context.groovy}.
2021-06-20 13:56:44.827  INFO 12908 --- [    Test worker] t.c.s.AnnotationConfigContextLoaderUtils : Could not detect default configuration classes for test class [com.rusnac.clubrestapi.controller.impl.TrainingTest]: TrainingTest does not declare any static, non-private, non-final, nested classes annotated with @Configuration.
2021-06-20 13:56:44.831  INFO 12908 --- [    Test worker] .b.t.c.SpringBootTestContextBootstrapper : Found @SpringBootConfiguration com.rusnac.clubrestapi.ClubRestApiApplication for test class com.rusnac.clubrestapi.controller.impl.TrainingTest
2021-06-20 13:56:44.834  INFO 12908 --- [    Test worker] .b.t.c.SpringBootTestContextBootstrapper : Loaded default TestExecutionListener class names from location [META-INF/spring.factories]: [org.springframework.boot.test.autoconfigure.restdocs.RestDocsTestExecutionListener, org.springframework.boot.test.autoconfigure.web.client.MockRestServiceServerResetTestExecutionListener, org.springframework.boot.test.autoconfigure.web.servlet.MockMvcPrintOnlyOnFailureTestExecutionListener, org.springframework.boot.test.autoconfigure.web.servlet.WebDriverTestExecutionListener, org.springframework.boot.test.autoconfigure.webservices.client.MockWebServiceServerTestExecutionListener, org.springframework.boot.test.mock.mockito.MockitoTestExecutionListener, org.springframework.boot.test.mock.mockito.ResetMocksTestExecutionListener, org.springframework.test.context.web.ServletTestExecutionListener, org.springframework.test.context.support.DirtiesContextBeforeModesTestExecutionListener, org.springframework.test.context.event.ApplicationEventsTestExecutionListener, org.springframework.test.context.support.DependencyInjectionTestExecutionListener, org.springframework.test.context.support.DirtiesContextTestExecutionListener, org.springframework.test.context.transaction.TransactionalTestExecutionListener, org.springframework.test.context.jdbc.SqlScriptsTestExecutionListener, org.springframework.test.context.event.EventPublishingTestExecutionListener]
2021-06-20 13:56:44.836  INFO 12908 --- [    Test worker] .b.t.c.SpringBootTestContextBootstrapper : Using TestExecutionListeners: [org.springframework.test.context.web.ServletTestExecutionListener@34ffb689, org.springframework.test.context.support.DirtiesContextBeforeModesTestExecutionListener@3b810f42, org.springframework.test.context.event.ApplicationEventsTestExecutionListener@17cdbb25, org.springframework.boot.test.mock.mockito.MockitoTestExecutionListener@3ab95a1a, org.springframework.boot.test.autoconfigure.SpringBootDependencyInjectionTestExecutionListener@73bbe83a, org.springframework.test.context.support.DirtiesContextTestExecutionListener@40f30210, org.springframework.test.context.transaction.TransactionalTestExecutionListener@3a1d9db8, org.springframework.test.context.jdbc.SqlScriptsTestExecutionListener@4a84796b, org.springframework.test.context.event.EventPublishingTestExecutionListener@66d2a239, org.springframework.boot.test.autoconfigure.restdocs.RestDocsTestExecutionListener@3e69cf71, org.springframework.boot.test.autoconfigure.web.client.MockRestServiceServerResetTestExecutionListener@684f6559, org.springframework.boot.test.autoconfigure.web.servlet.MockMvcPrintOnlyOnFailureTestExecutionListener@1e9161a, org.springframework.boot.test.autoconfigure.web.servlet.WebDriverTestExecutionListener@72d9bf74, org.springframework.boot.test.autoconfigure.webservices.client.MockWebServiceServerTestExecutionListener@2bbf419, org.springframework.boot.test.mock.mockito.ResetMocksTestExecutionListener@114d2cba]

  .   ____          _            __ _ _
 /\\ / ___'_ __ _ _(_)_ __  __ _ \ \ \ \
( ( )\___ | '_ | '_| | '_ \/ _` | \ \ \ \
 \\/  ___)| |_)| | | | | || (_| |  ) ) ) )
  '  |____| .__|_| |_|_| |_\__, | / / / /
 =========|_|==============|___/=/_/_/_/
 :: Spring Boot ::                (v2.4.5)

2021-06-20 13:56:44.902  WARN 12908 --- [    Test worker] ory$DuplicateJsonObjectContextCustomizer : 

Found multiple occurrences of org.json.JSONObject on the class path:

	jar:file:/C:/Users/DCgWs/.gradle/caches/modules-2/files-2.1/org.json/json/20141113/c590c04911645db2f53b9bbefd5c3fcd8ca5581d/json-20141113.jar!/org/json/JSONObject.class
	jar:file:/C:/Users/DCgWs/.gradle/caches/modules-2/files-2.1/com.vaadin.external.google/android-json/0.0.20131108.vaadin1/fa26d351fe62a6a17f5cda1287c1c6110dec413f/android-json-0.0.20131108.vaadin1.jar!/org/json/JSONObject.class

You may wish to exclude one of them to ensure predictable runtime behavior

2021-06-20 13:56:44.904  INFO 12908 --- [    Test worker] c.r.c.controller.impl.TrainingTest       : Starting TrainingTest using Java 15.0.2 on DESKTOP-R449A7L with PID 12908 (started by DCgWs in D:\RENEGVDE\UNIVER\ITS3\Project\GIT\its3-individual-project-cristin-rusnac\Backend\club-rest-api)
2021-06-20 13:56:44.907  INFO 12908 --- [    Test worker] c.r.c.controller.impl.TrainingTest       : No active profile set, falling back to default profiles: default
2021-06-20 13:56:45.394  INFO 12908 --- [    Test worker] .s.d.r.c.RepositoryConfigurationDelegate : Bootstrapping Spring Data JPA repositories in DEFAULT mode.
2021-06-20 13:56:45.441  INFO 12908 --- [    Test worker] .s.d.r.c.RepositoryConfigurationDelegate : Finished Spring Data repository scanning in 45 ms. Found 4 JPA repository interfaces.
2021-06-20 13:56:45.650  INFO 12908 --- [    Test worker] trationDelegate$BeanPostProcessorChecker : Bean 'org.springframework.security.access.expression.method.DefaultMethodSecurityExpressionHandler@260a32f7' of type [org.springframework.security.access.expression.method.DefaultMethodSecurityExpressionHandler] is not eligible for getting processed by all BeanPostProcessors (for example: not eligible for auto-proxying)
2021-06-20 13:56:45.663  INFO 12908 --- [    Test worker] trationDelegate$BeanPostProcessorChecker : Bean 'methodSecurityMetadataSource' of type [org.springframework.security.access.method.DelegatingMethodSecurityMetadataSource] is not eligible for getting processed by all BeanPostProcessors (for example: not eligible for auto-proxying)
2021-06-20 13:56:45.802  INFO 12908 --- [    Test worker] o.hibernate.jpa.internal.util.LogHelper  : HHH000204: Processing PersistenceUnitInfo [name: default]
2021-06-20 13:56:45.816  INFO 12908 --- [    Test worker] org.hibernate.dialect.Dialect            : HHH000400: Using dialect: org.hibernate.dialect.PostgreSQLDialect
2021-06-20 13:56:45.899  INFO 12908 --- [    Test worker] com.zaxxer.hikari.HikariDataSource       : HikariPool-2 - Starting...
2021-06-20 13:56:45.927  INFO 12908 --- [    Test worker] com.zaxxer.hikari.HikariDataSource       : HikariPool-2 - Start completed.
2021-06-20 13:56:46.274  INFO 12908 --- [    Test worker] o.h.e.t.j.p.i.JtaPlatformInitiator       : HHH000490: Using JtaPlatform implementation: [org.hibernate.engine.transaction.jta.platform.internal.NoJtaPlatform]
2021-06-20 13:56:46.275  INFO 12908 --- [    Test worker] j.LocalContainerEntityManagerFactoryBean : Initialized JPA EntityManagerFactory for persistence unit 'default'
2021-06-20 13:56:46.560  WARN 12908 --- [    Test worker] JpaBaseConfiguration$JpaWebConfiguration : spring.jpa.open-in-view is enabled by default. Therefore, database queries may be performed during view rendering. Explicitly configure spring.jpa.open-in-view to disable this warning
2021-06-20 13:56:47.097  INFO 12908 --- [    Test worker] o.s.s.web.DefaultSecurityFilterChain     : Will secure any request with [org.springframework.security.web.context.request.async.WebAsyncManagerIntegrationFilter@66236325, org.springframework.security.web.context.SecurityContextPersistenceFilter@32586f74, org.springframework.security.web.header.HeaderWriterFilter@1a000926, org.springframework.web.filter.CorsFilter@5ee17760, org.springframework.security.web.authentication.logout.LogoutFilter@38c08aa, com.rusnac.clubrestapi.config.JwtTokenFilter@2ee9b964, org.springframework.security.web.savedrequest.RequestCacheAwareFilter@508cd636, org.springframework.security.web.servletapi.SecurityContextHolderAwareRequestFilter@4adfac38, org.springframework.security.web.authentication.AnonymousAuthenticationFilter@3ca6f7a, org.springframework.security.web.session.SessionManagementFilter@44cf8ecf, org.springframework.security.web.access.ExceptionTranslationFilter@12fe0900, org.springframework.security.web.access.intercept.FilterSecurityInterceptor@3c623d8e]
2021-06-20 13:56:47.259  INFO 12908 --- [    Test worker] o.s.s.concurrent.ThreadPoolTaskExecutor  : Initializing ExecutorService 'applicationTaskExecutor'
2021-06-20 13:56:47.611  INFO 12908 --- [    Test worker] c.r.c.controller.impl.TrainingTest       : Started TrainingTest in 2.77 seconds (JVM running for 13.105)
]]></system-out>
  <system-err><![CDATA[]]></system-err>
</testsuite>
